[2m2021-07-10 09:12:16.647[0;39m [32m INFO[0;39m [35m14148[0;39m [2m---[0;39m [2m[kground-preinit][0;39m [36mo.h.v.i.u.Version                       [0;39m [2m:[0;39m HV000001: Hibernate Validator 6.1.7.Final
[2m2021-07-10 09:12:16.684[0;39m [32m INFO[0;39m [35m14148[0;39m [2m---[0;39m [2m[           main][0;39m [36mc.j.j.g.GiraApplication                 [0;39m [2m:[0;39m Starting GiraApplication using Java 1.8.0_251 on root7 with PID 14148 (D:\dev\Java\Eclipse\gira\target\classes started by rootkit in D:\dev\Java\Eclipse\gira)
[2m2021-07-10 09:12:16.719[0;39m [32m INFO[0;39m [35m14148[0;39m [2m---[0;39m [2m[           main][0;39m [36mc.j.j.g.GiraApplication                 [0;39m [2m:[0;39m No active profile set, falling back to default profiles: default
[2m2021-07-10 09:12:18.342[0;39m [32m INFO[0;39m [35m14148[0;39m [2m---[0;39m [2m[           main][0;39m [36mo.a.c.h.Http11NioProtocol               [0;39m [2m:[0;39m Initializing ProtocolHandler ["http-nio-8080"]
[2m2021-07-10 09:12:18.343[0;39m [32m INFO[0;39m [35m14148[0;39m [2m---[0;39m [2m[           main][0;39m [36mo.a.c.c.StandardService                 [0;39m [2m:[0;39m Starting service [Tomcat]
[2m2021-07-10 09:12:18.343[0;39m [32m INFO[0;39m [35m14148[0;39m [2m---[0;39m [2m[           main][0;39m [36mo.a.c.c.StandardEngine                  [0;39m [2m:[0;39m Starting Servlet engine: [Apache Tomcat/9.0.46]
[2m2021-07-10 09:12:18.439[0;39m [32m INFO[0;39m [35m14148[0;39m [2m---[0;39m [2m[           main][0;39m [36mo.a.c.c.C.[.[.[/]                       [0;39m [2m:[0;39m Initializing Spring embedded WebApplicationContext
[2m2021-07-10 09:12:18.613[0;39m [32m INFO[0;39m [35m14148[0;39m [2m---[0;39m [2m[           main][0;39m [36mo.h.j.i.u.LogHelper                     [0;39m [2m:[0;39m HHH000204: Processing PersistenceUnitInfo [name: default]
[2m2021-07-10 09:12:18.671[0;39m [32m INFO[0;39m [35m14148[0;39m [2m---[0;39m [2m[           main][0;39m [36mo.h.Version                             [0;39m [2m:[0;39m HHH000412: Hibernate ORM core version 5.4.31.Final
[2m2021-07-10 09:12:18.831[0;39m [32m INFO[0;39m [35m14148[0;39m [2m---[0;39m [2m[           main][0;39m [36mo.h.a.c.Version                         [0;39m [2m:[0;39m HCANN000001: Hibernate Commons Annotations {5.1.2.Final}
[2m2021-07-10 09:12:18.957[0;39m [32m INFO[0;39m [35m14148[0;39m [2m---[0;39m [2m[           main][0;39m [36mc.z.h.HikariDataSource                  [0;39m [2m:[0;39m HikariPool-1 - Starting...
[2m2021-07-10 09:12:19.074[0;39m [32m INFO[0;39m [35m14148[0;39m [2m---[0;39m [2m[           main][0;39m [36mc.z.h.HikariDataSource                  [0;39m [2m:[0;39m HikariPool-1 - Start completed.
[2m2021-07-10 09:12:19.112[0;39m [32m INFO[0;39m [35m14148[0;39m [2m---[0;39m [2m[           main][0;39m [36mo.h.d.Dialect                           [0;39m [2m:[0;39m HHH000400: Using dialect: org.hibernate.dialect.PostgreSQL10Dialect
[2m2021-07-10 09:12:20.368[0;39m [32m INFO[0;39m [35m14148[0;39m [2m---[0;39m [2m[           main][0;39m [36mo.h.e.t.j.p.i.JtaPlatformInitiator      [0;39m [2m:[0;39m HHH000490: Using JtaPlatform implementation: [org.hibernate.engine.transaction.jta.platform.internal.NoJtaPlatform]
[2m2021-07-10 09:12:21.753[0;39m [32m INFO[0;39m [35m14148[0;39m [2m---[0;39m [2m[           main][0;39m [36mpertySourcedRequestMappingHandlerMapping[0;39m [2m:[0;39m Mapped URL path [/v2/api-docs] onto method [springfox.documentation.swagger2.web.Swagger2Controller#getDocumentation(String, HttpServletRequest)]
[2m2021-07-10 09:12:22.064[0;39m [32m INFO[0;39m [35m14148[0;39m [2m---[0;39m [2m[           main][0;39m [36mo.a.c.h.Http11NioProtocol               [0;39m [2m:[0;39m Starting ProtocolHandler ["http-nio-8080"]
[2m2021-07-10 09:12:22.086[0;39m [32m INFO[0;39m [35m14148[0;39m [2m---[0;39m [2m[           main][0;39m [36md.s.w.p.DocumentationPluginsBootstrapper[0;39m [2m:[0;39m Context refreshed
[2m2021-07-10 09:12:22.110[0;39m [32m INFO[0;39m [35m14148[0;39m [2m---[0;39m [2m[           main][0;39m [36md.s.w.p.DocumentationPluginsBootstrapper[0;39m [2m:[0;39m Found 1 custom documentation plugin(s)
[2m2021-07-10 09:12:22.149[0;39m [32m INFO[0;39m [35m14148[0;39m [2m---[0;39m [2m[           main][0;39m [36ms.d.s.w.s.ApiListingReferenceScanner    [0;39m [2m:[0;39m Scanning for api listing references
[2m2021-07-10 09:12:22.347[0;39m [32m INFO[0;39m [35m14148[0;39m [2m---[0;39m [2m[           main][0;39m [36mc.j.j.g.GiraApplication                 [0;39m [2m:[0;39m Started GiraApplication in 6.057 seconds (JVM running for 7.243)
[2m2021-07-10 09:12:41.326[0;39m [32m INFO[0;39m [35m14148[0;39m [2m---[0;39m [2m[nio-8080-exec-1][0;39m [36mo.a.c.c.C.[.[.[/]                       [0;39m [2m:[0;39m Initializing Spring DispatcherServlet 'dispatcherServlet'
[2m2021-07-10 09:12:54.752[0;39m [32m INFO[0;39m [35m14148[0;39m [2m---[0;39m [2m[on(4)-127.0.0.1][0;39m [36mc.z.h.HikariDataSource                  [0;39m [2m:[0;39m HikariPool-1 - Shutdown initiated...
[2m2021-07-10 09:12:54.756[0;39m [32m INFO[0;39m [35m14148[0;39m [2m---[0;39m [2m[on(4)-127.0.0.1][0;39m [36mc.z.h.HikariDataSource                  [0;39m [2m:[0;39m HikariPool-1 - Shutdown completed.
[2m2021-07-10 10:09:30.246[0;39m [32m INFO[0;39m [35m3108[0;39m [2m---[0;39m [2m[kground-preinit][0;39m [36mo.h.v.i.u.Version                       [0;39m [2m:[0;39m HV000001: Hibernate Validator 6.1.7.Final
[2m2021-07-10 10:09:30.284[0;39m [32m INFO[0;39m [35m3108[0;39m [2m---[0;39m [2m[           main][0;39m [36mc.j.j.g.GiraApplication                 [0;39m [2m:[0;39m Starting GiraApplication using Java 1.8.0_251 on root7 with PID 3108 (D:\dev\Java\Eclipse\gira\target\classes started by rootkit in D:\dev\Java\Eclipse\gira)
[2m2021-07-10 10:09:30.320[0;39m [32m INFO[0;39m [35m3108[0;39m [2m---[0;39m [2m[           main][0;39m [36mc.j.j.g.GiraApplication                 [0;39m [2m:[0;39m No active profile set, falling back to default profiles: default
[2m2021-07-10 10:09:31.940[0;39m [32m INFO[0;39m [35m3108[0;39m [2m---[0;39m [2m[           main][0;39m [36mo.a.c.h.Http11NioProtocol               [0;39m [2m:[0;39m Initializing ProtocolHandler ["http-nio-8080"]
[2m2021-07-10 10:09:31.941[0;39m [32m INFO[0;39m [35m3108[0;39m [2m---[0;39m [2m[           main][0;39m [36mo.a.c.c.StandardService                 [0;39m [2m:[0;39m Starting service [Tomcat]
[2m2021-07-10 10:09:31.941[0;39m [32m INFO[0;39m [35m3108[0;39m [2m---[0;39m [2m[           main][0;39m [36mo.a.c.c.StandardEngine                  [0;39m [2m:[0;39m Starting Servlet engine: [Apache Tomcat/9.0.46]
[2m2021-07-10 10:09:32.035[0;39m [32m INFO[0;39m [35m3108[0;39m [2m---[0;39m [2m[           main][0;39m [36mo.a.c.c.C.[.[.[/]                       [0;39m [2m:[0;39m Initializing Spring embedded WebApplicationContext
[2m2021-07-10 10:09:32.209[0;39m [32m INFO[0;39m [35m3108[0;39m [2m---[0;39m [2m[           main][0;39m [36mo.h.j.i.u.LogHelper                     [0;39m [2m:[0;39m HHH000204: Processing PersistenceUnitInfo [name: default]
[2m2021-07-10 10:09:32.268[0;39m [32m INFO[0;39m [35m3108[0;39m [2m---[0;39m [2m[           main][0;39m [36mo.h.Version                             [0;39m [2m:[0;39m HHH000412: Hibernate ORM core version 5.4.31.Final
[2m2021-07-10 10:09:32.429[0;39m [32m INFO[0;39m [35m3108[0;39m [2m---[0;39m [2m[           main][0;39m [36mo.h.a.c.Version                         [0;39m [2m:[0;39m HCANN000001: Hibernate Commons Annotations {5.1.2.Final}
[2m2021-07-10 10:09:32.564[0;39m [32m INFO[0;39m [35m3108[0;39m [2m---[0;39m [2m[           main][0;39m [36mc.z.h.HikariDataSource                  [0;39m [2m:[0;39m HikariPool-1 - Starting...
[2m2021-07-10 10:09:32.667[0;39m [32m INFO[0;39m [35m3108[0;39m [2m---[0;39m [2m[           main][0;39m [36mc.z.h.HikariDataSource                  [0;39m [2m:[0;39m HikariPool-1 - Start completed.
[2m2021-07-10 10:09:32.705[0;39m [32m INFO[0;39m [35m3108[0;39m [2m---[0;39m [2m[           main][0;39m [36mo.h.d.Dialect                           [0;39m [2m:[0;39m HHH000400: Using dialect: org.hibernate.dialect.PostgreSQL10Dialect
[2m2021-07-10 10:09:33.956[0;39m [32m INFO[0;39m [35m3108[0;39m [2m---[0;39m [2m[           main][0;39m [36mo.h.e.t.j.p.i.JtaPlatformInitiator      [0;39m [2m:[0;39m HHH000490: Using JtaPlatform implementation: [org.hibernate.engine.transaction.jta.platform.internal.NoJtaPlatform]
[2m2021-07-10 10:09:35.307[0;39m [32m INFO[0;39m [35m3108[0;39m [2m---[0;39m [2m[           main][0;39m [36mpertySourcedRequestMappingHandlerMapping[0;39m [2m:[0;39m Mapped URL path [/v2/api-docs] onto method [springfox.documentation.swagger2.web.Swagger2Controller#getDocumentation(String, HttpServletRequest)]
[2m2021-07-10 10:09:35.600[0;39m [32m INFO[0;39m [35m3108[0;39m [2m---[0;39m [2m[           main][0;39m [36mo.a.c.h.Http11NioProtocol               [0;39m [2m:[0;39m Starting ProtocolHandler ["http-nio-8080"]
[2m2021-07-10 10:09:35.622[0;39m [32m INFO[0;39m [35m3108[0;39m [2m---[0;39m [2m[           main][0;39m [36md.s.w.p.DocumentationPluginsBootstrapper[0;39m [2m:[0;39m Context refreshed
[2m2021-07-10 10:09:35.645[0;39m [32m INFO[0;39m [35m3108[0;39m [2m---[0;39m [2m[           main][0;39m [36md.s.w.p.DocumentationPluginsBootstrapper[0;39m [2m:[0;39m Found 1 custom documentation plugin(s)
[2m2021-07-10 10:09:35.681[0;39m [32m INFO[0;39m [35m3108[0;39m [2m---[0;39m [2m[           main][0;39m [36ms.d.s.w.s.ApiListingReferenceScanner    [0;39m [2m:[0;39m Scanning for api listing references
[2m2021-07-10 10:09:35.892[0;39m [32m INFO[0;39m [35m3108[0;39m [2m---[0;39m [2m[           main][0;39m [36mc.j.j.g.GiraApplication                 [0;39m [2m:[0;39m Started GiraApplication in 5.997 seconds (JVM running for 7.181)
[2m2021-07-10 10:09:44.414[0;39m [32m INFO[0;39m [35m3108[0;39m [2m---[0;39m [2m[on(2)-127.0.0.1][0;39m [36mc.z.h.HikariDataSource                  [0;39m [2m:[0;39m HikariPool-1 - Shutdown initiated...
[2m2021-07-10 10:09:44.418[0;39m [32m INFO[0;39m [35m3108[0;39m [2m---[0;39m [2m[on(2)-127.0.0.1][0;39m [36mc.z.h.HikariDataSource                  [0;39m [2m:[0;39m HikariPool-1 - Shutdown completed.
[2m2021-07-10 10:14:07.994[0;39m [32m INFO[0;39m [35m16824[0;39m [2m---[0;39m [2m[kground-preinit][0;39m [36mo.h.v.i.u.Version                       [0;39m [2m:[0;39m HV000001: Hibernate Validator 6.1.7.Final
[2m2021-07-10 10:14:08.056[0;39m [32m INFO[0;39m [35m16824[0;39m [2m---[0;39m [2m[           main][0;39m [36mc.j.j.g.GiraApplication                 [0;39m [2m:[0;39m Starting GiraApplication using Java 1.8.0_251 on root7 with PID 16824 (D:\dev\Java\Eclipse\gira\target\classes started by rootkit in D:\dev\Java\Eclipse\gira)
[2m2021-07-10 10:14:08.061[0;39m [32m INFO[0;39m [35m16824[0;39m [2m---[0;39m [2m[           main][0;39m [36mc.j.j.g.GiraApplication                 [0;39m [2m:[0;39m No active profile set, falling back to default profiles: default
[2m2021-07-10 10:14:09.674[0;39m [32m INFO[0;39m [35m16824[0;39m [2m---[0;39m [2m[           main][0;39m [36mo.a.c.h.Http11NioProtocol               [0;39m [2m:[0;39m Initializing ProtocolHandler ["http-nio-8080"]
[2m2021-07-10 10:14:09.675[0;39m [32m INFO[0;39m [35m16824[0;39m [2m---[0;39m [2m[           main][0;39m [36mo.a.c.c.StandardService                 [0;39m [2m:[0;39m Starting service [Tomcat]
[2m2021-07-10 10:14:09.675[0;39m [32m INFO[0;39m [35m16824[0;39m [2m---[0;39m [2m[           main][0;39m [36mo.a.c.c.StandardEngine                  [0;39m [2m:[0;39m Starting Servlet engine: [Apache Tomcat/9.0.46]
[2m2021-07-10 10:14:09.769[0;39m [32m INFO[0;39m [35m16824[0;39m [2m---[0;39m [2m[           main][0;39m [36mo.a.c.c.C.[.[.[/]                       [0;39m [2m:[0;39m Initializing Spring embedded WebApplicationContext
[2m2021-07-10 10:14:10.005[0;39m [32m INFO[0;39m [35m16824[0;39m [2m---[0;39m [2m[           main][0;39m [36mo.h.Version                             [0;39m [2m:[0;39m HHH000412: Hibernate ORM core version 5.4.31.Final
[2m2021-07-10 10:14:10.169[0;39m [32m INFO[0;39m [35m16824[0;39m [2m---[0;39m [2m[           main][0;39m [36mo.h.a.c.Version                         [0;39m [2m:[0;39m HCANN000001: Hibernate Commons Annotations {5.1.2.Final}
[2m2021-07-10 10:14:10.333[0;39m [32m INFO[0;39m [35m16824[0;39m [2m---[0;39m [2m[           main][0;39m [36mc.z.h.HikariDataSource                  [0;39m [2m:[0;39m HikariPool-1 - Starting...
[2m2021-07-10 10:14:10.440[0;39m [32m INFO[0;39m [35m16824[0;39m [2m---[0;39m [2m[           main][0;39m [36mc.z.h.HikariDataSource                  [0;39m [2m:[0;39m HikariPool-1 - Start completed.
[2m2021-07-10 10:14:10.481[0;39m [32m INFO[0;39m [35m16824[0;39m [2m---[0;39m [2m[           main][0;39m [36mo.h.d.Dialect                           [0;39m [2m:[0;39m HHH000400: Using dialect: org.hibernate.dialect.PostgreSQL10Dialect
[2m2021-07-10 10:14:12.757[0;39m [32m INFO[0;39m [35m16824[0;39m [2m---[0;39m [2m[           main][0;39m [36mo.h.e.t.j.p.i.JtaPlatformInitiator      [0;39m [2m:[0;39m HHH000490: Using JtaPlatform implementation: [org.hibernate.engine.transaction.jta.platform.internal.NoJtaPlatform]
[2m2021-07-10 10:14:14.355[0;39m [32m INFO[0;39m [35m16824[0;39m [2m---[0;39m [2m[           main][0;39m [36mpertySourcedRequestMappingHandlerMapping[0;39m [2m:[0;39m Mapped URL path [/v2/api-docs] onto method [springfox.documentation.swagger2.web.Swagger2Controller#getDocumentation(String, HttpServletRequest)]
[2m2021-07-10 10:14:14.711[0;39m [32m INFO[0;39m [35m16824[0;39m [2m---[0;39m [2m[           main][0;39m [36mo.a.c.h.Http11NioProtocol               [0;39m [2m:[0;39m Starting ProtocolHandler ["http-nio-8080"]
[2m2021-07-10 10:14:14.735[0;39m [32m INFO[0;39m [35m16824[0;39m [2m---[0;39m [2m[           main][0;39m [36md.s.w.p.DocumentationPluginsBootstrapper[0;39m [2m:[0;39m Context refreshed
[2m2021-07-10 10:14:14.761[0;39m [32m INFO[0;39m [35m16824[0;39m [2m---[0;39m [2m[           main][0;39m [36md.s.w.p.DocumentationPluginsBootstrapper[0;39m [2m:[0;39m Found 1 custom documentation plugin(s)
[2m2021-07-10 10:14:14.805[0;39m [32m INFO[0;39m [35m16824[0;39m [2m---[0;39m [2m[           main][0;39m [36ms.d.s.w.s.ApiListingReferenceScanner    [0;39m [2m:[0;39m Scanning for api listing references
[2m2021-07-10 10:14:15.050[0;39m [32m INFO[0;39m [35m16824[0;39m [2m---[0;39m [2m[           main][0;39m [36mc.j.j.g.GiraApplication                 [0;39m [2m:[0;39m Started GiraApplication in 7.421 seconds (JVM running for 8.615)
[2m2021-07-10 10:15:10.315[0;39m [32m INFO[0;39m [35m16824[0;39m [2m---[0;39m [2m[on(3)-127.0.0.1][0;39m [36mc.z.h.HikariDataSource                  [0;39m [2m:[0;39m HikariPool-1 - Shutdown initiated...
[2m2021-07-10 10:15:10.323[0;39m [32m INFO[0;39m [35m16824[0;39m [2m---[0;39m [2m[on(3)-127.0.0.1][0;39m [36mc.z.h.HikariDataSource                  [0;39m [2m:[0;39m HikariPool-1 - Shutdown completed.
[2m2021-07-10 10:15:27.885[0;39m [32m INFO[0;39m [35m8356[0;39m [2m---[0;39m [2m[kground-preinit][0;39m [36mo.h.v.i.u.Version                       [0;39m [2m:[0;39m HV000001: Hibernate Validator 6.1.7.Final
[2m2021-07-10 10:15:27.954[0;39m [32m INFO[0;39m [35m8356[0;39m [2m---[0;39m [2m[           main][0;39m [36mc.j.j.g.GiraApplication                 [0;39m [2m:[0;39m Starting GiraApplication using Java 1.8.0_251 on root7 with PID 8356 (D:\dev\Java\Eclipse\gira\target\classes started by rootkit in D:\dev\Java\Eclipse\gira)
[2m2021-07-10 10:15:27.959[0;39m [32m INFO[0;39m [35m8356[0;39m [2m---[0;39m [2m[           main][0;39m [36mc.j.j.g.GiraApplication                 [0;39m [2m:[0;39m No active profile set, falling back to default profiles: default
[2m2021-07-10 10:15:29.617[0;39m [32m INFO[0;39m [35m8356[0;39m [2m---[0;39m [2m[           main][0;39m [36mo.a.c.h.Http11NioProtocol               [0;39m [2m:[0;39m Initializing ProtocolHandler ["http-nio-8080"]
[2m2021-07-10 10:15:29.618[0;39m [32m INFO[0;39m [35m8356[0;39m [2m---[0;39m [2m[           main][0;39m [36mo.a.c.c.StandardService                 [0;39m [2m:[0;39m Starting service [Tomcat]
[2m2021-07-10 10:15:29.618[0;39m [32m INFO[0;39m [35m8356[0;39m [2m---[0;39m [2m[           main][0;39m [36mo.a.c.c.StandardEngine                  [0;39m [2m:[0;39m Starting Servlet engine: [Apache Tomcat/9.0.46]
[2m2021-07-10 10:15:29.713[0;39m [32m INFO[0;39m [35m8356[0;39m [2m---[0;39m [2m[           main][0;39m [36mo.a.c.c.C.[.[.[/]                       [0;39m [2m:[0;39m Initializing Spring embedded WebApplicationContext
[2m2021-07-10 10:15:29.891[0;39m [32m INFO[0;39m [35m8356[0;39m [2m---[0;39m [2m[           main][0;39m [36mo.h.j.i.u.LogHelper                     [0;39m [2m:[0;39m HHH000204: Processing PersistenceUnitInfo [name: default]
[2m2021-07-10 10:15:29.949[0;39m [32m INFO[0;39m [35m8356[0;39m [2m---[0;39m [2m[           main][0;39m [36mo.h.Version                             [0;39m [2m:[0;39m HHH000412: Hibernate ORM core version 5.4.31.Final
[2m2021-07-10 10:15:30.109[0;39m [32m INFO[0;39m [35m8356[0;39m [2m---[0;39m [2m[           main][0;39m [36mo.h.a.c.Version                         [0;39m [2m:[0;39m HCANN000001: Hibernate Commons Annotations {5.1.2.Final}
[2m2021-07-10 10:15:30.243[0;39m [32m INFO[0;39m [35m8356[0;39m [2m---[0;39m [2m[           main][0;39m [36mc.z.h.HikariDataSource                  [0;39m [2m:[0;39m HikariPool-1 - Starting...
[2m2021-07-10 10:15:30.348[0;39m [32m INFO[0;39m [35m8356[0;39m [2m---[0;39m [2m[           main][0;39m [36mc.z.h.HikariDataSource                  [0;39m [2m:[0;39m HikariPool-1 - Start completed.
[2m2021-07-10 10:15:30.388[0;39m [32m INFO[0;39m [35m8356[0;39m [2m---[0;39m [2m[           main][0;39m [36mo.h.d.Dialect                           [0;39m [2m:[0;39m HHH000400: Using dialect: org.hibernate.dialect.PostgreSQL10Dialect
[2m2021-07-10 10:15:31.667[0;39m [32m INFO[0;39m [35m8356[0;39m [2m---[0;39m [2m[           main][0;39m [36mo.h.e.t.j.p.i.JtaPlatformInitiator      [0;39m [2m:[0;39m HHH000490: Using JtaPlatform implementation: [org.hibernate.engine.transaction.jta.platform.internal.NoJtaPlatform]
[2m2021-07-10 10:15:33.095[0;39m [32m INFO[0;39m [35m8356[0;39m [2m---[0;39m [2m[           main][0;39m [36mpertySourcedRequestMappingHandlerMapping[0;39m [2m:[0;39m Mapped URL path [/v2/api-docs] onto method [springfox.documentation.swagger2.web.Swagger2Controller#getDocumentation(String, HttpServletRequest)]
[2m2021-07-10 10:15:33.404[0;39m [32m INFO[0;39m [35m8356[0;39m [2m---[0;39m [2m[           main][0;39m [36mo.a.c.h.Http11NioProtocol               [0;39m [2m:[0;39m Starting ProtocolHandler ["http-nio-8080"]
[2m2021-07-10 10:15:33.426[0;39m [32m INFO[0;39m [35m8356[0;39m [2m---[0;39m [2m[           main][0;39m [36md.s.w.p.DocumentationPluginsBootstrapper[0;39m [2m:[0;39m Context refreshed
[2m2021-07-10 10:15:33.451[0;39m [32m INFO[0;39m [35m8356[0;39m [2m---[0;39m [2m[           main][0;39m [36md.s.w.p.DocumentationPluginsBootstrapper[0;39m [2m:[0;39m Found 1 custom documentation plugin(s)
[2m2021-07-10 10:15:33.489[0;39m [32m INFO[0;39m [35m8356[0;39m [2m---[0;39m [2m[           main][0;39m [36ms.d.s.w.s.ApiListingReferenceScanner    [0;39m [2m:[0;39m Scanning for api listing references
[2m2021-07-10 10:15:33.704[0;39m [32m INFO[0;39m [35m8356[0;39m [2m---[0;39m [2m[           main][0;39m [36mc.j.j.g.GiraApplication                 [0;39m [2m:[0;39m Started GiraApplication in 6.176 seconds (JVM running for 7.355)
[2m2021-07-10 10:16:49.215[0;39m [32m INFO[0;39m [35m8356[0;39m [2m---[0;39m [2m[on(5)-127.0.0.1][0;39m [36mc.z.h.HikariDataSource                  [0;39m [2m:[0;39m HikariPool-1 - Shutdown initiated...
[2m2021-07-10 10:16:49.221[0;39m [32m INFO[0;39m [35m8356[0;39m [2m---[0;39m [2m[on(5)-127.0.0.1][0;39m [36mc.z.h.HikariDataSource                  [0;39m [2m:[0;39m HikariPool-1 - Shutdown completed.
[2m2021-07-10 10:36:23.795[0;39m [32m INFO[0;39m [35m14800[0;39m [2m---[0;39m [2m[kground-preinit][0;39m [36mo.h.v.i.u.Version                       [0;39m [2m:[0;39m HV000001: Hibernate Validator 6.1.7.Final
[2m2021-07-10 10:36:23.862[0;39m [32m INFO[0;39m [35m14800[0;39m [2m---[0;39m [2m[           main][0;39m [36mc.j.j.g.GiraApplication                 [0;39m [2m:[0;39m Starting GiraApplication using Java 1.8.0_251 on root7 with PID 14800 (D:\dev\Java\Eclipse\gira\target\classes started by rootkit in D:\dev\Java\Eclipse\gira)
[2m2021-07-10 10:36:23.866[0;39m [32m INFO[0;39m [35m14800[0;39m [2m---[0;39m [2m[           main][0;39m [36mc.j.j.g.GiraApplication                 [0;39m [2m:[0;39m No active profile set, falling back to default profiles: default
[2m2021-07-10 10:36:25.557[0;39m [32m INFO[0;39m [35m14800[0;39m [2m---[0;39m [2m[           main][0;39m [36mo.a.c.h.Http11NioProtocol               [0;39m [2m:[0;39m Initializing ProtocolHandler ["http-nio-8080"]
[2m2021-07-10 10:36:25.557[0;39m [32m INFO[0;39m [35m14800[0;39m [2m---[0;39m [2m[           main][0;39m [36mo.a.c.c.StandardService                 [0;39m [2m:[0;39m Starting service [Tomcat]
[2m2021-07-10 10:36:25.557[0;39m [32m INFO[0;39m [35m14800[0;39m [2m---[0;39m [2m[           main][0;39m [36mo.a.c.c.StandardEngine                  [0;39m [2m:[0;39m Starting Servlet engine: [Apache Tomcat/9.0.46]
[2m2021-07-10 10:36:25.651[0;39m [32m INFO[0;39m [35m14800[0;39m [2m---[0;39m [2m[           main][0;39m [36mo.a.c.c.C.[.[.[/]                       [0;39m [2m:[0;39m Initializing Spring embedded WebApplicationContext
[2m2021-07-10 10:36:25.828[0;39m [32m INFO[0;39m [35m14800[0;39m [2m---[0;39m [2m[           main][0;39m [36mo.h.j.i.u.LogHelper                     [0;39m [2m:[0;39m HHH000204: Processing PersistenceUnitInfo [name: default]
[2m2021-07-10 10:36:25.886[0;39m [32m INFO[0;39m [35m14800[0;39m [2m---[0;39m [2m[           main][0;39m [36mo.h.Version                             [0;39m [2m:[0;39m HHH000412: Hibernate ORM core version 5.4.31.Final
[2m2021-07-10 10:36:26.050[0;39m [32m INFO[0;39m [35m14800[0;39m [2m---[0;39m [2m[           main][0;39m [36mo.h.a.c.Version                         [0;39m [2m:[0;39m HCANN000001: Hibernate Commons Annotations {5.1.2.Final}
[2m2021-07-10 10:36:26.188[0;39m [32m INFO[0;39m [35m14800[0;39m [2m---[0;39m [2m[           main][0;39m [36mc.z.h.HikariDataSource                  [0;39m [2m:[0;39m HikariPool-1 - Starting...
[2m2021-07-10 10:36:26.294[0;39m [32m INFO[0;39m [35m14800[0;39m [2m---[0;39m [2m[           main][0;39m [36mc.z.h.HikariDataSource                  [0;39m [2m:[0;39m HikariPool-1 - Start completed.
[2m2021-07-10 10:36:26.334[0;39m [32m INFO[0;39m [35m14800[0;39m [2m---[0;39m [2m[           main][0;39m [36mo.h.d.Dialect                           [0;39m [2m:[0;39m HHH000400: Using dialect: org.hibernate.dialect.PostgreSQL10Dialect
[2m2021-07-10 10:36:27.619[0;39m [32m INFO[0;39m [35m14800[0;39m [2m---[0;39m [2m[           main][0;39m [36mo.h.e.t.j.p.i.JtaPlatformInitiator      [0;39m [2m:[0;39m HHH000490: Using JtaPlatform implementation: [org.hibernate.engine.transaction.jta.platform.internal.NoJtaPlatform]
[2m2021-07-10 10:36:29.057[0;39m [32m INFO[0;39m [35m14800[0;39m [2m---[0;39m [2m[           main][0;39m [36mpertySourcedRequestMappingHandlerMapping[0;39m [2m:[0;39m Mapped URL path [/v2/api-docs] onto method [springfox.documentation.swagger2.web.Swagger2Controller#getDocumentation(String, HttpServletRequest)]
[2m2021-07-10 10:36:29.371[0;39m [32m INFO[0;39m [35m14800[0;39m [2m---[0;39m [2m[           main][0;39m [36mo.a.c.h.Http11NioProtocol               [0;39m [2m:[0;39m Starting ProtocolHandler ["http-nio-8080"]
[2m2021-07-10 10:36:29.393[0;39m [32m INFO[0;39m [35m14800[0;39m [2m---[0;39m [2m[           main][0;39m [36md.s.w.p.DocumentationPluginsBootstrapper[0;39m [2m:[0;39m Context refreshed
[2m2021-07-10 10:36:29.417[0;39m [32m INFO[0;39m [35m14800[0;39m [2m---[0;39m [2m[           main][0;39m [36md.s.w.p.DocumentationPluginsBootstrapper[0;39m [2m:[0;39m Found 1 custom documentation plugin(s)
[2m2021-07-10 10:36:29.453[0;39m [32m INFO[0;39m [35m14800[0;39m [2m---[0;39m [2m[           main][0;39m [36ms.d.s.w.s.ApiListingReferenceScanner    [0;39m [2m:[0;39m Scanning for api listing references
[2m2021-07-10 10:36:29.676[0;39m [32m INFO[0;39m [35m14800[0;39m [2m---[0;39m [2m[           main][0;39m [36mc.j.j.g.GiraApplication                 [0;39m [2m:[0;39m Started GiraApplication in 6.235 seconds (JVM running for 7.422)
[2m2021-07-10 10:36:43.938[0;39m [32m INFO[0;39m [35m14800[0;39m [2m---[0;39m [2m[nio-8080-exec-1][0;39m [36mo.a.c.c.C.[.[.[/]                       [0;39m [2m:[0;39m Initializing Spring DispatcherServlet 'dispatcherServlet'
[2m2021-07-10 10:53:57.731[0;39m [32m INFO[0;39m [35m14800[0;39m [2m---[0;39m [2m[n(21)-127.0.0.1][0;39m [36mc.z.h.HikariDataSource                  [0;39m [2m:[0;39m HikariPool-1 - Shutdown initiated...
[2m2021-07-10 10:53:57.735[0;39m [32m INFO[0;39m [35m14800[0;39m [2m---[0;39m [2m[n(21)-127.0.0.1][0;39m [36mc.z.h.HikariDataSource                  [0;39m [2m:[0;39m HikariPool-1 - Shutdown completed.
[2m2021-07-10 11:44:08[0;39m [32m INFO[0;39m [35m15952[0;39m [2m---[0;39m [2m[kground-preinit][0;39m [36mo.h.v.i.u.Version                       [0;39m [2m:[0;39m HV000001: Hibernate Validator 6.1.7.Final
[2m2021-07-10 11:44:08[0;39m [32m INFO[0;39m [35m15952[0;39m [2m---[0;39m [2m[           main][0;39m [36mc.j.j.g.GiraApplication                 [0;39m [2m:[0;39m Starting GiraApplication using Java 1.8.0_251 on root7 with PID 15952 (D:\dev\Java\Eclipse\gira\target\classes started by rootkit in D:\dev\Java\Eclipse\gira)
[2m2021-07-10 11:44:08[0;39m [32m INFO[0;39m [35m15952[0;39m [2m---[0;39m [2m[           main][0;39m [36mc.j.j.g.GiraApplication                 [0;39m [2m:[0;39m No active profile set, falling back to default profiles: default
[2m2021-07-10 11:44:10[0;39m [32m INFO[0;39m [35m15952[0;39m [2m---[0;39m [2m[           main][0;39m [36mo.a.c.h.Http11NioProtocol               [0;39m [2m:[0;39m Initializing ProtocolHandler ["http-nio-8080"]
[2m2021-07-10 11:44:10[0;39m [32m INFO[0;39m [35m15952[0;39m [2m---[0;39m [2m[           main][0;39m [36mo.a.c.c.StandardService                 [0;39m [2m:[0;39m Starting service [Tomcat]
[2m2021-07-10 11:44:10[0;39m [32m INFO[0;39m [35m15952[0;39m [2m---[0;39m [2m[           main][0;39m [36mo.a.c.c.StandardEngine                  [0;39m [2m:[0;39m Starting Servlet engine: [Apache Tomcat/9.0.46]
[2m2021-07-10 11:44:10[0;39m [32m INFO[0;39m [35m15952[0;39m [2m---[0;39m [2m[           main][0;39m [36mo.a.c.c.C.[.[.[/]                       [0;39m [2m:[0;39m Initializing Spring embedded WebApplicationContext
[2m2021-07-10 11:44:10[0;39m [32m INFO[0;39m [35m15952[0;39m [2m---[0;39m [2m[           main][0;39m [36mo.h.j.i.u.LogHelper                     [0;39m [2m:[0;39m HHH000204: Processing PersistenceUnitInfo [name: default]
[2m2021-07-10 11:44:10[0;39m [32m INFO[0;39m [35m15952[0;39m [2m---[0;39m [2m[           main][0;39m [36mo.h.Version                             [0;39m [2m:[0;39m HHH000412: Hibernate ORM core version 5.4.31.Final
[2m2021-07-10 11:44:11[0;39m [32m INFO[0;39m [35m15952[0;39m [2m---[0;39m [2m[           main][0;39m [36mo.h.a.c.Version                         [0;39m [2m:[0;39m HCANN000001: Hibernate Commons Annotations {5.1.2.Final}
[2m2021-07-10 11:44:11[0;39m [32m INFO[0;39m [35m15952[0;39m [2m---[0;39m [2m[           main][0;39m [36mc.z.h.HikariDataSource                  [0;39m [2m:[0;39m HikariPool-1 - Starting...
[2m2021-07-10 11:44:11[0;39m [32m INFO[0;39m [35m15952[0;39m [2m---[0;39m [2m[           main][0;39m [36mc.z.h.HikariDataSource                  [0;39m [2m:[0;39m HikariPool-1 - Start completed.
[2m2021-07-10 11:44:11[0;39m [32m INFO[0;39m [35m15952[0;39m [2m---[0;39m [2m[           main][0;39m [36mo.h.d.Dialect                           [0;39m [2m:[0;39m HHH000400: Using dialect: org.hibernate.dialect.PostgreSQL10Dialect
[2m2021-07-10 11:44:12[0;39m [32m INFO[0;39m [35m15952[0;39m [2m---[0;39m [2m[           main][0;39m [36mo.h.e.t.j.p.i.JtaPlatformInitiator      [0;39m [2m:[0;39m HHH000490: Using JtaPlatform implementation: [org.hibernate.engine.transaction.jta.platform.internal.NoJtaPlatform]
[2m2021-07-10 11:44:14[0;39m [32m INFO[0;39m [35m15952[0;39m [2m---[0;39m [2m[           main][0;39m [36mpertySourcedRequestMappingHandlerMapping[0;39m [2m:[0;39m Mapped URL path [/v2/api-docs] onto method [springfox.documentation.swagger2.web.Swagger2Controller#getDocumentation(String, HttpServletRequest)]
[2m2021-07-10 11:44:14[0;39m [32m INFO[0;39m [35m15952[0;39m [2m---[0;39m [2m[           main][0;39m [36mo.a.c.h.Http11NioProtocol               [0;39m [2m:[0;39m Starting ProtocolHandler ["http-nio-8080"]
[2m2021-07-10 11:44:14[0;39m [32m INFO[0;39m [35m15952[0;39m [2m---[0;39m [2m[           main][0;39m [36md.s.w.p.DocumentationPluginsBootstrapper[0;39m [2m:[0;39m Context refreshed
[2m2021-07-10 11:44:14[0;39m [32m INFO[0;39m [35m15952[0;39m [2m---[0;39m [2m[           main][0;39m [36md.s.w.p.DocumentationPluginsBootstrapper[0;39m [2m:[0;39m Found 1 custom documentation plugin(s)
[2m2021-07-10 11:44:14[0;39m [32m INFO[0;39m [35m15952[0;39m [2m---[0;39m [2m[           main][0;39m [36ms.d.s.w.s.ApiListingReferenceScanner    [0;39m [2m:[0;39m Scanning for api listing references
[2m2021-07-10 11:44:14[0;39m [32m INFO[0;39m [35m15952[0;39m [2m---[0;39m [2m[           main][0;39m [36mc.j.j.g.GiraApplication                 [0;39m [2m:[0;39m Started GiraApplication in 6.34 seconds (JVM running for 7.534)
[2m2021-07-10 11:45:53[0;39m [32m INFO[0;39m [35m15952[0;39m [2m---[0;39m [2m[nio-8080-exec-1][0;39m [36mo.a.c.c.C.[.[.[/]                       [0;39m [2m:[0;39m Initializing Spring DispatcherServlet 'dispatcherServlet'
[2m2021-07-10 11:50:04[0;39m [32m INFO[0;39m [35m15952[0;39m [2m---[0;39m [2m[on(9)-127.0.0.1][0;39m [36mc.z.h.HikariDataSource                  [0;39m [2m:[0;39m HikariPool-1 - Shutdown initiated...
[2m2021-07-10 11:50:04[0;39m [32m INFO[0;39m [35m15952[0;39m [2m---[0;39m [2m[on(9)-127.0.0.1][0;39m [36mc.z.h.HikariDataSource                  [0;39m [2m:[0;39m HikariPool-1 - Shutdown completed.
[2m2021-07-10 11:50:21[0;39m [32m INFO[0;39m [35m4248[0;39m [2m---[0;39m [2m[kground-preinit][0;39m [36mo.h.v.i.u.Version                       [0;39m [2m:[0;39m HV000001: Hibernate Validator 6.1.7.Final
[2m2021-07-10 11:50:21[0;39m [32m INFO[0;39m [35m4248[0;39m [2m---[0;39m [2m[           main][0;39m [36mc.j.j.g.GiraApplication                 [0;39m [2m:[0;39m Starting GiraApplication using Java 1.8.0_251 on root7 with PID 4248 (D:\dev\Java\Eclipse\gira\target\classes started by rootkit in D:\dev\Java\Eclipse\gira)
[2m2021-07-10 11:50:21[0;39m [32m INFO[0;39m [35m4248[0;39m [2m---[0;39m [2m[           main][0;39m [36mc.j.j.g.GiraApplication                 [0;39m [2m:[0;39m No active profile set, falling back to default profiles: default
[2m2021-07-10 11:50:23[0;39m [32m INFO[0;39m [35m4248[0;39m [2m---[0;39m [2m[           main][0;39m [36mo.a.c.h.Http11NioProtocol               [0;39m [2m:[0;39m Initializing ProtocolHandler ["http-nio-8080"]
[2m2021-07-10 11:50:23[0;39m [32m INFO[0;39m [35m4248[0;39m [2m---[0;39m [2m[           main][0;39m [36mo.a.c.c.StandardService                 [0;39m [2m:[0;39m Starting service [Tomcat]
[2m2021-07-10 11:50:23[0;39m [32m INFO[0;39m [35m4248[0;39m [2m---[0;39m [2m[           main][0;39m [36mo.a.c.c.StandardEngine                  [0;39m [2m:[0;39m Starting Servlet engine: [Apache Tomcat/9.0.46]
[2m2021-07-10 11:50:23[0;39m [32m INFO[0;39m [35m4248[0;39m [2m---[0;39m [2m[           main][0;39m [36mo.a.c.c.C.[.[.[/]                       [0;39m [2m:[0;39m Initializing Spring embedded WebApplicationContext
[2m2021-07-10 11:50:23[0;39m [32m INFO[0;39m [35m4248[0;39m [2m---[0;39m [2m[           main][0;39m [36mo.h.j.i.u.LogHelper                     [0;39m [2m:[0;39m HHH000204: Processing PersistenceUnitInfo [name: default]
[2m2021-07-10 11:50:23[0;39m [32m INFO[0;39m [35m4248[0;39m [2m---[0;39m [2m[           main][0;39m [36mo.h.Version                             [0;39m [2m:[0;39m HHH000412: Hibernate ORM core version 5.4.31.Final
[2m2021-07-10 11:50:24[0;39m [32m INFO[0;39m [35m4248[0;39m [2m---[0;39m [2m[           main][0;39m [36mo.h.a.c.Version                         [0;39m [2m:[0;39m HCANN000001: Hibernate Commons Annotations {5.1.2.Final}
[2m2021-07-10 11:50:24[0;39m [32m INFO[0;39m [35m4248[0;39m [2m---[0;39m [2m[           main][0;39m [36mc.z.h.HikariDataSource                  [0;39m [2m:[0;39m HikariPool-1 - Starting...
[2m2021-07-10 11:50:24[0;39m [32m INFO[0;39m [35m4248[0;39m [2m---[0;39m [2m[           main][0;39m [36mc.z.h.HikariDataSource                  [0;39m [2m:[0;39m HikariPool-1 - Start completed.
[2m2021-07-10 11:50:24[0;39m [32m INFO[0;39m [35m4248[0;39m [2m---[0;39m [2m[           main][0;39m [36mo.h.d.Dialect                           [0;39m [2m:[0;39m HHH000400: Using dialect: org.hibernate.dialect.PostgreSQL10Dialect
[2m2021-07-10 11:50:25[0;39m [32m INFO[0;39m [35m4248[0;39m [2m---[0;39m [2m[           main][0;39m [36mo.h.e.t.j.p.i.JtaPlatformInitiator      [0;39m [2m:[0;39m HHH000490: Using JtaPlatform implementation: [org.hibernate.engine.transaction.jta.platform.internal.NoJtaPlatform]
[2m2021-07-10 11:50:27[0;39m [32m INFO[0;39m [35m4248[0;39m [2m---[0;39m [2m[           main][0;39m [36mpertySourcedRequestMappingHandlerMapping[0;39m [2m:[0;39m Mapped URL path [/v2/api-docs] onto method [springfox.documentation.swagger2.web.Swagger2Controller#getDocumentation(String, HttpServletRequest)]
[2m2021-07-10 11:50:27[0;39m [32m INFO[0;39m [35m4248[0;39m [2m---[0;39m [2m[           main][0;39m [36mo.a.c.h.Http11NioProtocol               [0;39m [2m:[0;39m Starting ProtocolHandler ["http-nio-8080"]
[2m2021-07-10 11:50:27[0;39m [32m INFO[0;39m [35m4248[0;39m [2m---[0;39m [2m[           main][0;39m [36md.s.w.p.DocumentationPluginsBootstrapper[0;39m [2m:[0;39m Context refreshed
[2m2021-07-10 11:50:27[0;39m [32m INFO[0;39m [35m4248[0;39m [2m---[0;39m [2m[           main][0;39m [36md.s.w.p.DocumentationPluginsBootstrapper[0;39m [2m:[0;39m Found 1 custom documentation plugin(s)
[2m2021-07-10 11:50:27[0;39m [32m INFO[0;39m [35m4248[0;39m [2m---[0;39m [2m[           main][0;39m [36ms.d.s.w.s.ApiListingReferenceScanner    [0;39m [2m:[0;39m Scanning for api listing references
[2m2021-07-10 11:50:27[0;39m [32m INFO[0;39m [35m4248[0;39m [2m---[0;39m [2m[           main][0;39m [36mc.j.j.g.GiraApplication                 [0;39m [2m:[0;39m Started GiraApplication in 6.286 seconds (JVM running for 7.472)
[2m2021-07-10 11:58:59[0;39m [32m INFO[0;39m [35m4248[0;39m [2m---[0;39m [2m[n(12)-127.0.0.1][0;39m [36mc.z.h.HikariDataSource                  [0;39m [2m:[0;39m HikariPool-1 - Shutdown initiated...
[2m2021-07-10 11:58:59[0;39m [32m INFO[0;39m [35m4248[0;39m [2m---[0;39m [2m[n(12)-127.0.0.1][0;39m [36mc.z.h.HikariDataSource                  [0;39m [2m:[0;39m HikariPool-1 - Shutdown completed.
